<?xml version="1.0" encoding="UTF-8" ?>
<testsuite failures="0" time="2.293" errors="0" skipped="0" tests="3" name="com.nike.runclubreport.resources.KeywordsResourceTest">
  <properties>
[...]
</properties>
  <testcase time="1.824" classname="com.nike.runclubreport.resources.KeywordsResourceTest" name="testAddKeyWords"/>
  <testcase time="0.258" classname="com.nike.runclubreport.resources.KeywordsResourceTest" name="testEditKeyWords"/>
  <testcase time="0.204" classname="com.nike.runclubreport.resources.KeywordsResourceTest" name="testViewKeyWords"/>
</testsuite>